Machine Serial Number:  SFD2001052                                                       Page:    1
====================================================================================================
Routine Name                                                    Run #            Date & Time        
====================================================================================================
SpeedFive.mxy                                            1         Wednesday, July 11, 2018 15:13:12
====================================================================================================

====================================================================================================
Feature           Unit    Nominal       Actual          Tolerances           Deviation     Exceeded 
====================================================================================================
Step 1   
X Location        mm    +113.4484     +113.4590     +0.0000     +0.0000    +0.0107                  
   
====================================================================================================

============================ END OF INSPECTION - Elapsed Time  00:01:19 ============================
Machine Serial Number:  SFD2001052                                                       Page:    1
====================================================================================================
Routine Name                                                    Run #            Date & Time        
====================================================================================================
SpeedFive.mxy                                            2         Wednesday, July 11, 2018 15:14:38
====================================================================================================

====================================================================================================
Feature           Unit    Nominal       Actual          Tolerances           Deviation     Exceeded 
====================================================================================================
Step 1   
X Location        mm    +113.4484     +113.3422     +0.0000     +0.0000    -0.1062                  
   
====================================================================================================

============================ END OF INSPECTION - Elapsed Time  00:01:15 ============================
