Machine Serial Number:  SFD2001052                                                       Page:    1
====================================================================================================
Routine Name                                                    Run #            Date & Time        
====================================================================================================
SpeedFour.mxy                                            1         Wednesday, July 11, 2018 15:10:24
====================================================================================================

====================================================================================================
Feature           Unit    Nominal       Actual          Tolerances           Deviation     Exceeded 
====================================================================================================
Step 1   
X Location        mm    +76.475       +73.186       +0.000      +0.000     -3.289                   
   
====================================================================================================

============================ END OF INSPECTION - Elapsed Time  00:00:50 ============================
Machine Serial Number:  SFD2001052                                                       Page:    1
====================================================================================================
Routine Name                                                    Run #            Date & Time        
====================================================================================================
SpeedFour.mxy                                            2         Wednesday, July 11, 2018 15:11:18
====================================================================================================

====================================================================================================
Feature           Unit    Nominal       Actual          Tolerances           Deviation     Exceeded 
====================================================================================================
Step 1   
X Location        mm    +76.475       +76.497       +0.000      +0.000     +0.022                   
   
====================================================================================================

============================ END OF INSPECTION - Elapsed Time  00:00:42 ============================
