Machine Serial Number:  SFD2001052                                                       Page:    1
====================================================================================================
Routine Name                                                    Run #            Date & Time        
====================================================================================================
SpeedTwo.mxy                                             1         Wednesday, July 11, 2018 15:05:13
====================================================================================================

====================================================================================================
Feature           Unit    Nominal       Actual          Tolerances           Deviation     Exceeded 
====================================================================================================
Step 3   
Diameter          mm    +6.2746       +6.2918       +1.0000     -1.0000    +0.0172      +           
   
====================================================================================================

============================ END OF INSPECTION - Elapsed Time  00:00:35 ============================
Machine Serial Number:  SFD2001052                                                       Page:    1
====================================================================================================
Routine Name                                                    Run #            Date & Time        
====================================================================================================
SpeedTwo.mxy                                             2         Wednesday, July 11, 2018 15:05:55
====================================================================================================

====================================================================================================
Feature           Unit    Nominal       Actual          Tolerances           Deviation     Exceeded 
====================================================================================================
Step 3   
Diameter          mm    +6.2746       +6.2914       +1.0000     -1.0000    +0.0168      +           
   
====================================================================================================

============================ END OF INSPECTION - Elapsed Time  00:00:30 ============================
