Machine Serial Number:  SFD2001052                                                       Page:    1
====================================================================================================
Routine Name                                                    Run #            Date & Time        
====================================================================================================
SpeedThree.mxy                                           1         Wednesday, July 11, 2018 15:07:41
====================================================================================================

====================================================================================================
Feature           Unit    Nominal       Actual          Tolerances           Deviation     Exceeded 
====================================================================================================
Step 1   
Angle             dd    +269.7395     +270.1122     +0.0000     +0.0000    +0.3727                  
   
====================================================================================================

============================ END OF INSPECTION - Elapsed Time  00:01:12 ============================
Machine Serial Number:  SFD2001052                                                       Page:    1
====================================================================================================
Routine Name                                                    Run #            Date & Time        
====================================================================================================
SpeedThree.mxy                                           2         Wednesday, July 11, 2018 15:09:01
====================================================================================================

====================================================================================================
Feature           Unit    Nominal       Actual          Tolerances           Deviation     Exceeded 
====================================================================================================
Step 1   
Angle             dd    +269.7395     +270.1140     +0.0000     +0.0000    +0.3745                  
   
====================================================================================================

============================ END OF INSPECTION - Elapsed Time  00:01:08 ============================
