Machine Serial Number:  SFD2001052                                                       Page:    1
====================================================================================================
Routine Name                                                    Run #            Date & Time        
====================================================================================================
SpeedOne.mxy                                             1         Wednesday, July 11, 2018 15:03:33
====================================================================================================

====================================================================================================
Feature           Unit    Nominal       Actual          Tolerances           Deviation     Exceeded 
====================================================================================================
Step 3   
Diameter          mm    +6.2750       +6.2901       +0.0000     +0.0000    +0.0151                  
   
Step 450   
Diameter          mm    +6.2750       +6.2909       +0.0000     +0.0000    +0.0158                  
   
Step 453   
Diameter          mm    +6.2750       +6.2909       +0.0000     +0.0000    +0.0158                  
   
====================================================================================================

============================ END OF INSPECTION - Elapsed Time  00:00:22 ============================
Machine Serial Number:  SFD2001052                                                       Page:    1
====================================================================================================
Routine Name                                                    Run #            Date & Time        
====================================================================================================
SpeedOne.mxy                                             2         Wednesday, July 11, 2018 15:04:02
====================================================================================================

====================================================================================================
Feature           Unit    Nominal       Actual          Tolerances           Deviation     Exceeded 
====================================================================================================
Step 3   
Diameter          mm    +6.2750       +6.2910       +0.0000     +0.0000    +0.0159                  
   
Step 450   
Diameter          mm    +6.2750       +6.2910       +0.0000     +0.0000    +0.0160                  
   
Step 453   
Diameter          mm    +6.2750       +6.2910       +0.0000     +0.0000    +0.0160                  
   
====================================================================================================

============================ END OF INSPECTION - Elapsed Time  00:00:16 ============================
