Machine Serial Number:  SFD2001052                                                       Page:    1
====================================================================================================
Routine Name                                                    Run #            Date & Time        
====================================================================================================
SpeedFive.mxy                                            1         Wednesday, July 11, 2018 15:28:44
====================================================================================================

====================================================================================================
Feature           Unit    Nominal       Actual          Tolerances           Deviation     Exceeded 
====================================================================================================
Step 1   
X Location        mm    +113.4484     +113.4590     +0.0000     +0.0000    +0.0107                  
   
====================================================================================================

============================ END OF INSPECTION - Elapsed Time  00:01:18 ============================
Machine Serial Number:  SFD2001052                                                       Page:    1
====================================================================================================
Routine Name                                                    Run #            Date & Time        
====================================================================================================
SpeedFive.mxy                                            2         Wednesday, July 11, 2018 15:30:10
====================================================================================================

====================================================================================================
Feature           Unit    Nominal       Actual          Tolerances           Deviation     Exceeded 
====================================================================================================
Step 1   
X Location        mm    +113.4484     +113.3422     +0.0000     +0.0000    -0.1062                  
   
====================================================================================================

============================ END OF INSPECTION - Elapsed Time  00:01:14 ============================
Machine Serial Number:  SFD2001052                                                       Page:    1
====================================================================================================
Routine Name                                                    Run #            Date & Time        
====================================================================================================
SpeedFive.mxy                                            1           Tuesday, July 24, 2018 11:09:47
====================================================================================================

====================================================================================================
Feature           Unit    Nominal       Actual          Tolerances           Deviation     Exceeded 
====================================================================================================
Step 1   
X Location        mm    +113.4484     +110.5908     +0.0000     +0.0000    -2.8576                  
   
====================================================================================================

============================ END OF INSPECTION - Elapsed Time  00:01:32 ============================
Machine Serial Number:  SFD2001052                                                       Page:    1
====================================================================================================
Routine Name                                                    Run #            Date & Time        
====================================================================================================
SpeedFive.mxy                                            2           Tuesday, July 24, 2018 11:11:29
====================================================================================================

====================================================================================================
Feature           Unit    Nominal       Actual          Tolerances           Deviation     Exceeded 
====================================================================================================
Step 1   
X Location        mm    +113.4484     +113.3362     +0.0000     +0.0000    -0.1121                  
   
====================================================================================================

============================ END OF INSPECTION - Elapsed Time  00:01:31 ============================
