Machine Serial Number:  SFD2001052                                                       Page:    1
====================================================================================================
Routine Name                                                    Run #            Date & Time        
====================================================================================================
SpeedTwo.mxy                                             1         Wednesday, July 11, 2018 15:20:38
====================================================================================================

====================================================================================================
Feature           Unit    Nominal       Actual          Tolerances           Deviation     Exceeded 
====================================================================================================
Step 3   
Diameter          mm    +6.2746       +6.2915       +1.0000     -1.0000    +0.0169      +           
   
====================================================================================================

============================ END OF INSPECTION - Elapsed Time  00:00:35 ============================
Machine Serial Number:  SFD2001052                                                       Page:    1
====================================================================================================
Routine Name                                                    Run #            Date & Time        
====================================================================================================
SpeedTwo.mxy                                             2         Wednesday, July 11, 2018 15:21:20
====================================================================================================

====================================================================================================
Feature           Unit    Nominal       Actual          Tolerances           Deviation     Exceeded 
====================================================================================================
Step 3   
Diameter          mm    +6.2746       +6.2917       +1.0000     -1.0000    +0.0171      +           
   
====================================================================================================

============================ END OF INSPECTION - Elapsed Time  00:00:31 ============================
Machine Serial Number:  SFD2001052                                                       Page:    1
====================================================================================================
Routine Name                                                    Run #            Date & Time        
====================================================================================================
SpeedTwo.mxy                                             1           Tuesday, July 24, 2018 11:01:34
====================================================================================================

====================================================================================================
Feature           Unit    Nominal       Actual          Tolerances           Deviation     Exceeded 
====================================================================================================
Step 3   
Diameter          mm    +6.2746       +6.3009       +1.0000     -1.0000    +0.0263      +           
   
====================================================================================================

============================ END OF INSPECTION - Elapsed Time  00:00:36 ============================
Machine Serial Number:  SFD2001052                                                       Page:    1
====================================================================================================
Routine Name                                                    Run #            Date & Time        
====================================================================================================
SpeedTwo.mxy                                             2           Tuesday, July 24, 2018 11:02:25
====================================================================================================

====================================================================================================
Feature           Unit    Nominal       Actual          Tolerances           Deviation     Exceeded 
====================================================================================================
Step 3   
Diameter          mm    +6.2746       +6.3005       +1.0000     -1.0000    +0.0259      +           
   
====================================================================================================

============================ END OF INSPECTION - Elapsed Time  00:00:37 ============================
