Machine Serial Number:  SFD2001052                                                       Page:    1
====================================================================================================
Routine Name                                                    Run #            Date & Time        
====================================================================================================
SpeedThree.mxy                                           1         Wednesday, July 11, 2018 15:23:08
====================================================================================================

====================================================================================================
Feature           Unit    Nominal       Actual          Tolerances           Deviation     Exceeded 
====================================================================================================
Step 1   
Angle             dd    +269.7395     +270.1176     +0.0000     +0.0000    +0.3781                  
   
====================================================================================================

============================ END OF INSPECTION - Elapsed Time  00:01:13 ============================
Machine Serial Number:  SFD2001052                                                       Page:    1
====================================================================================================
Routine Name                                                    Run #            Date & Time        
====================================================================================================
SpeedThree.mxy                                           2         Wednesday, July 11, 2018 15:24:27
====================================================================================================

====================================================================================================
Feature           Unit    Nominal       Actual          Tolerances           Deviation     Exceeded 
====================================================================================================
Step 1   
Angle             dd    +269.7395     +270.1135     +0.0000     +0.0000    +0.3740                  
   
====================================================================================================

============================ END OF INSPECTION - Elapsed Time  00:01:08 ============================
Machine Serial Number:  SFD2001052                                                       Page:    1
====================================================================================================
Routine Name                                                    Run #            Date & Time        
====================================================================================================
SpeedThree.mxy                                           1           Tuesday, July 24, 2018 11:04:05
====================================================================================================

====================================================================================================
Feature           Unit    Nominal       Actual          Tolerances           Deviation     Exceeded 
====================================================================================================
Step 1   
Angle             dd    +269.7395     +270.3068     +0.0000     +0.0000    +0.5673                  
   
====================================================================================================

============================ END OF INSPECTION - Elapsed Time  00:01:00 ============================
Machine Serial Number:  SFD2001052                                                       Page:    1
====================================================================================================
Routine Name                                                    Run #            Date & Time        
====================================================================================================
SpeedThree.mxy                                           2           Tuesday, July 24, 2018 11:05:16
====================================================================================================

====================================================================================================
Feature           Unit    Nominal       Actual          Tolerances           Deviation     Exceeded 
====================================================================================================
Step 1   
Angle             dd    +269.7395     +270.3043     +0.0000     +0.0000    +0.5648                  
   
====================================================================================================

============================ END OF INSPECTION - Elapsed Time  00:01:01 ============================
