Machine Serial Number:  SFD2001052                                                       Page:    1
====================================================================================================
Routine Name                                                    Run #            Date & Time        
====================================================================================================
SpeedOne.mxy                                             1         Wednesday, July 11, 2018 15:18:57
====================================================================================================

====================================================================================================
Feature           Unit    Nominal       Actual          Tolerances           Deviation     Exceeded 
====================================================================================================
Step 3   
Diameter          mm    +6.2750       +6.2908       +0.0000     +0.0000    +0.0158                  
   
Step 450   
Diameter          mm    +6.2750       +6.2912       +0.0000     +0.0000    +0.0161                  
   
Step 453   
Diameter          mm    +6.2750       +6.2912       +0.0000     +0.0000    +0.0161                  
   
====================================================================================================

============================ END OF INSPECTION - Elapsed Time  00:00:22 ============================
Machine Serial Number:  SFD2001052                                                       Page:    1
====================================================================================================
Routine Name                                                    Run #            Date & Time        
====================================================================================================
SpeedOne.mxy                                             2         Wednesday, July 11, 2018 15:19:26
====================================================================================================

====================================================================================================
Feature           Unit    Nominal       Actual          Tolerances           Deviation     Exceeded 
====================================================================================================
Step 3   
Diameter          mm    +6.2750       +6.2912       +0.0000     +0.0000    +0.0162                  
   
Step 450   
Diameter          mm    +6.2750       +6.2912       +0.0000     +0.0000    +0.0162                  
   
Step 453   
Diameter          mm    +6.2750       +6.2912       +0.0000     +0.0000    +0.0162                  
   
====================================================================================================

============================ END OF INSPECTION - Elapsed Time  00:00:16 ============================
Machine Serial Number:  SFD2001052                                                       Page:    1
====================================================================================================
Routine Name                                                    Run #            Date & Time        
====================================================================================================
SpeedOne.mxy                                             1           Tuesday, July 24, 2018 10:59:52
====================================================================================================

====================================================================================================
Feature           Unit    Nominal       Actual          Tolerances           Deviation     Exceeded 
====================================================================================================
Step 3   
Diameter          mm    +6.2750       +6.2991       +0.0000     +0.0000    +0.0241                  
   
Step 450   
Diameter          mm    +6.2750       +6.2989       +0.0000     +0.0000    +0.0239                  
   
Step 453   
Diameter          mm    +6.2750       +6.2989       +0.0000     +0.0000    +0.0239                  
   
====================================================================================================

============================ END OF INSPECTION - Elapsed Time  00:00:23 ============================
Machine Serial Number:  SFD2001052                                                       Page:    1
====================================================================================================
Routine Name                                                    Run #            Date & Time        
====================================================================================================
SpeedOne.mxy                                             2           Tuesday, July 24, 2018 11:00:20
====================================================================================================

====================================================================================================
Feature           Unit    Nominal       Actual          Tolerances           Deviation     Exceeded 
====================================================================================================
Step 3   
Diameter          mm    +6.2750       +6.2987       +0.0000     +0.0000    +0.0237                  
   
Step 450   
Diameter          mm    +6.2750       +6.2987       +0.0000     +0.0000    +0.0237                  
   
Step 453   
Diameter          mm    +6.2750       +6.2987       +0.0000     +0.0000    +0.0237                  
   
====================================================================================================

============================ END OF INSPECTION - Elapsed Time  00:00:16 ============================
