Machine Serial Number:  SFD2001052                                                       Page:    1
====================================================================================================
Routine Name                                                    Run #            Date & Time        
====================================================================================================
SpeedFour.mxy                                            1         Wednesday, July 11, 2018 15:25:52
====================================================================================================

====================================================================================================
Feature           Unit    Nominal       Actual          Tolerances           Deviation     Exceeded 
====================================================================================================
Step 1   
X Location        mm    +76.475       +73.186       +0.000      +0.000     -3.289                   
   
====================================================================================================

============================ END OF INSPECTION - Elapsed Time  00:00:50 ============================
Machine Serial Number:  SFD2001052                                                       Page:    1
====================================================================================================
Routine Name                                                    Run #            Date & Time        
====================================================================================================
SpeedFour.mxy                                            2         Wednesday, July 11, 2018 15:26:49
====================================================================================================

====================================================================================================
Feature           Unit    Nominal       Actual          Tolerances           Deviation     Exceeded 
====================================================================================================
Step 1   
X Location        mm    +76.475       +76.497       +0.000      +0.000     +0.022                   
   
====================================================================================================

============================ END OF INSPECTION - Elapsed Time  00:00:44 ============================
Machine Serial Number:  SFD2001052                                                       Page:    1
====================================================================================================
Routine Name                                                    Run #            Date & Time        
====================================================================================================
SpeedFour.mxy                                            1           Tuesday, July 24, 2018 11:06:40
====================================================================================================

====================================================================================================
Feature           Unit    Nominal       Actual          Tolerances           Deviation     Exceeded 
====================================================================================================
Step 1   
X Location        mm    +76.4752      +76.5438      +0.0000     +0.0000    +0.0686                  
   
====================================================================================================

============================ END OF INSPECTION - Elapsed Time  00:00:47 ============================
Machine Serial Number:  SFD2001052                                                       Page:    1
====================================================================================================
Routine Name                                                    Run #            Date & Time        
====================================================================================================
SpeedFour.mxy                                            2           Tuesday, July 24, 2018 11:07:39
====================================================================================================

====================================================================================================
Feature           Unit    Nominal       Actual          Tolerances           Deviation     Exceeded 
====================================================================================================
Step 1   
X Location        mm    +76.4752      +76.5438      +0.0000     +0.0000    +0.0686                  
   
====================================================================================================

============================ END OF INSPECTION - Elapsed Time  00:00:47 ============================
