Machine Serial Number:  SFD2001052                                                       Page:    1
====================================================================================================
Routine Name                                                    Run #            Date & Time        
====================================================================================================
SpeedOne.mxy                                             1      Thursday, November 09, 2017 15:35:52
====================================================================================================

====================================================================================================
Feature           Unit    Nominal       Actual          Tolerances           Deviation     Exceeded 
====================================================================================================
Step 3   
Diameter          mm    +6.313        +6.315        +0.000      +0.000     +0.002                   
   
====================================================================================================

============================ END OF INSPECTION - Elapsed Time  00:00:22 ============================
Machine Serial Number:  SFD2001052                                                       Page:    1
====================================================================================================
Routine Name                                                    Run #            Date & Time        
====================================================================================================
SpeedOne.mxy                                             2      Thursday, November 09, 2017 15:36:27
====================================================================================================

====================================================================================================
Feature           Unit    Nominal       Actual          Tolerances           Deviation     Exceeded 
====================================================================================================
Step 3   
Diameter          mm    +6.313        +6.315        +0.000      +0.000     +0.002                   
   
====================================================================================================

============================ END OF INSPECTION - Elapsed Time  00:00:23 ============================
