Machine Serial Number:  SFD2001052                                                       Page:    1
====================================================================================================
Routine Name                                                    Run #            Date & Time        
====================================================================================================
SpeedThree.mxy                                           1      Thursday, November 09, 2017 15:40:08
====================================================================================================

====================================================================================================
Feature           Unit    Nominal       Actual          Tolerances           Deviation     Exceeded 
====================================================================================================
Step 1   
Angle             dd    +359.9582     +359.9612     +0.0000     +0.0000    +0.0031                  
   
====================================================================================================

============================ END OF INSPECTION - Elapsed Time  00:01:14 ============================
Machine Serial Number:  SFD2001052                                                       Page:    1
====================================================================================================
Routine Name                                                    Run #            Date & Time        
====================================================================================================
SpeedThree.mxy                                           2      Thursday, November 09, 2017 15:41:34
====================================================================================================

====================================================================================================
Feature           Unit    Nominal       Actual          Tolerances           Deviation     Exceeded 
====================================================================================================
Step 1   
Angle             dd    +359.9582     +359.9590     +0.0000     +0.0000    +0.0008                  
   
====================================================================================================

============================ END OF INSPECTION - Elapsed Time  00:01:15 ============================
