Machine Serial Number:  SFD2001052                                                       Page:    1
====================================================================================================
Routine Name                                                    Run #            Date & Time        
====================================================================================================
SpeedFour.mxy                                            1      Thursday, November 09, 2017 15:44:50
====================================================================================================

====================================================================================================
Feature           Unit    Nominal       Actual          Tolerances           Deviation     Exceeded 
====================================================================================================
Step 1   
X Location        in    +1.684        +1.684        +0.000      +0.000     +0.000                   
   
====================================================================================================

============================ END OF INSPECTION - Elapsed Time  00:02:45 ============================
Machine Serial Number:  SFD2001052                                                       Page:    1
====================================================================================================
Routine Name                                                    Run #            Date & Time        
====================================================================================================
SpeedFour.mxy                                            2      Thursday, November 09, 2017 15:47:49
====================================================================================================

====================================================================================================
Feature           Unit    Nominal       Actual          Tolerances           Deviation     Exceeded 
====================================================================================================
Step 1   
X Location        in    +1.684        +1.684        +0.000      +0.000     +0.000                   
   
====================================================================================================

============================ END OF INSPECTION - Elapsed Time  00:02:46 ============================
