Machine Serial Number:  SFD2001052                                                       Page:    1
====================================================================================================
Routine Name                                                    Run #            Date & Time        
====================================================================================================
SpeedOne.mxy                                             1          Wednesday, May 30, 2018 10:58:09
====================================================================================================

====================================================================================================
Feature           Unit    Nominal       Actual          Tolerances           Deviation     Exceeded 
====================================================================================================
Step 3   
Diameter          mm    +6.2750       +6.2471       +0.0000     +0.0000    -0.0279                  
   
Step 450   
Diameter          mm    +6.2750       +6.2468       +0.0000     +0.0000    -0.0283                  
   
Step 453   
Diameter          mm    +6.2750       +6.2468       +0.0000     +0.0000    -0.0283                  
   
====================================================================================================

============================ END OF INSPECTION - Elapsed Time  00:00:21 ============================
Machine Serial Number:  SFD2001052                                                       Page:    1
====================================================================================================
Routine Name                                                    Run #            Date & Time        
====================================================================================================
SpeedOne.mxy                                             2          Wednesday, May 30, 2018 10:58:37
====================================================================================================

====================================================================================================
Feature           Unit    Nominal       Actual          Tolerances           Deviation     Exceeded 
====================================================================================================
Step 3   
Diameter          mm    +6.2750       +6.2472       +0.0000     +0.0000    -0.0278                  
   
Step 450   
Diameter          mm    +6.2750       +6.2474       +0.0000     +0.0000    -0.0277                  
   
Step 453   
Diameter          mm    +6.2750       +6.2474       +0.0000     +0.0000    -0.0277                  
   
====================================================================================================

============================ END OF INSPECTION - Elapsed Time  00:00:16 ============================
