Machine Serial Number:  SFD2001052                                                       Page:    1
====================================================================================================
Routine Name                                                    Run #            Date & Time        
====================================================================================================
SpeedThree.mxy                                           1          Wednesday, May 30, 2018 11:02:22
====================================================================================================

====================================================================================================
Feature           Unit    Nominal       Actual          Tolerances           Deviation     Exceeded 
====================================================================================================
Step 1   
Angle             dd    +269.7395     +270.4256     +0.0000     +0.0000    +0.6861                  
   
====================================================================================================

============================ END OF INSPECTION - Elapsed Time  00:01:04 ============================
Machine Serial Number:  SFD2001052                                                       Page:    1
====================================================================================================
Routine Name                                                    Run #            Date & Time        
====================================================================================================
SpeedThree.mxy                                           2          Wednesday, May 30, 2018 11:03:28
====================================================================================================

====================================================================================================
Feature           Unit    Nominal       Actual          Tolerances           Deviation     Exceeded 
====================================================================================================
Step 1   
Angle             dd    +269.7395     +270.4220     +0.0000     +0.0000    +0.6825                  
   
====================================================================================================

============================ END OF INSPECTION - Elapsed Time  00:00:56 ============================
