Machine Serial Number:  SFD2001052                                                       Page:    1
====================================================================================================
Routine Name                                                    Run #            Date & Time        
====================================================================================================
SpeedFour.mxy                                            1          Wednesday, May 30, 2018 11:04:54
====================================================================================================

====================================================================================================
Feature           Unit    Nominal       Actual          Tolerances           Deviation     Exceeded 
====================================================================================================
Step 1   
X Location        mm    +76.475       +74.853       +0.000      +0.000     -1.622                   
   
====================================================================================================

============================ END OF INSPECTION - Elapsed Time  00:00:50 ============================
Machine Serial Number:  SFD2001052                                                       Page:    1
====================================================================================================
Routine Name                                                    Run #            Date & Time        
====================================================================================================
SpeedFour.mxy                                            2          Wednesday, May 30, 2018 11:05:50
====================================================================================================

====================================================================================================
Feature           Unit    Nominal       Actual          Tolerances           Deviation     Exceeded 
====================================================================================================
Step 1   
X Location        mm    +76.475       +76.494       +0.000      +0.000     +0.019                   
   
====================================================================================================

============================ END OF INSPECTION - Elapsed Time  00:00:44 ============================
