Machine Serial Number:  SFD2001052                                                       Page:    1
====================================================================================================
Routine Name                                                    Run #            Date & Time        
====================================================================================================
SpeedFive.mxy                                            1          Wednesday, May 30, 2018 11:08:02
====================================================================================================

====================================================================================================
Feature           Unit    Nominal       Actual          Tolerances           Deviation     Exceeded 
====================================================================================================
Step 1   
X Location        mm    +113.4484     +113.4597     +0.0000     +0.0000    +0.0113                  
   
====================================================================================================

============================ END OF INSPECTION - Elapsed Time  00:01:35 ============================
Machine Serial Number:  SFD2001052                                                       Page:    1
====================================================================================================
Routine Name                                                    Run #            Date & Time        
====================================================================================================
SpeedFive.mxy                                            2          Wednesday, May 30, 2018 11:09:45
====================================================================================================

====================================================================================================
Feature           Unit    Nominal       Actual          Tolerances           Deviation     Exceeded 
====================================================================================================
Step 1   
X Location        mm    +113.4484     +113.3449     +0.0000     +0.0000    -0.1035                  
   
====================================================================================================

============================ END OF INSPECTION - Elapsed Time  00:01:32 ============================
