Machine Serial Number:  SFD2001052                                                       Page:    1
====================================================================================================
Routine Name                                                    Run #            Date & Time        
====================================================================================================
SpeedThree.mxy                                           1      Wednesday, January 17, 2018 10:47:26
====================================================================================================

====================================================================================================
Feature           Unit    Nominal       Actual          Tolerances           Deviation     Exceeded 
====================================================================================================
Step 1   
Angle             dd    +269.7395     +269.8139     +0.0000     +0.0000    +0.0744                  
   
====================================================================================================

============================ END OF INSPECTION - Elapsed Time  00:00:42 ============================
Machine Serial Number:  SFD2001052                                                       Page:    1
====================================================================================================
Routine Name                                                    Run #            Date & Time        
====================================================================================================
SpeedThree.mxy                                           2      Wednesday, January 17, 2018 10:48:18
====================================================================================================

====================================================================================================
Feature           Unit    Nominal       Actual          Tolerances           Deviation     Exceeded 
====================================================================================================
Step 1   
Angle             dd    +269.7395     +269.8021     +0.0000     +0.0000    +0.0626                  
   
====================================================================================================

============================ END OF INSPECTION - Elapsed Time  00:00:41 ============================
