Machine Serial Number:  SFD2001052                                                       Page:    1
====================================================================================================
Routine Name                                                    Run #            Date & Time        
====================================================================================================
SpeedFour.mxy                                            1      Wednesday, January 17, 2018 10:49:33
====================================================================================================

====================================================================================================
Feature           Unit    Nominal       Actual          Tolerances           Deviation     Exceeded 
====================================================================================================
Step 1   
X Location        mm    +76.475       +75.255       +0.000      +0.000     -1.220                   
   
====================================================================================================

============================ END OF INSPECTION - Elapsed Time  00:00:37 ============================
Machine Serial Number:  SFD2001052                                                       Page:    1
====================================================================================================
Routine Name                                                    Run #            Date & Time        
====================================================================================================
SpeedFour.mxy                                            2      Wednesday, January 17, 2018 10:50:20
====================================================================================================

====================================================================================================
Feature           Unit    Nominal       Actual          Tolerances           Deviation     Exceeded 
====================================================================================================
Step 1   
X Location        mm    +76.475       +76.489       +0.000      +0.000     +0.014                   
   
====================================================================================================

============================ END OF INSPECTION - Elapsed Time  00:00:35 ============================
