Machine Serial Number:  SFD2001052                                                       Page:    1
====================================================================================================
Routine Name                                                    Run #            Date & Time        
====================================================================================================
SpeedOne.mxy                                             1      Wednesday, January 17, 2018 10:43:16
====================================================================================================

====================================================================================================
Feature           Unit    Nominal       Actual          Tolerances           Deviation     Exceeded 
====================================================================================================
Step 3   
Diameter          mm    +6.2750       +6.2749       +0.0000     +0.0000    -0.0001                  
   
====================================================================================================

============================ END OF INSPECTION - Elapsed Time  00:00:25 ============================
Machine Serial Number:  SFD2001052                                                       Page:    1
====================================================================================================
Routine Name                                                    Run #            Date & Time        
====================================================================================================
SpeedOne.mxy                                             2      Wednesday, January 17, 2018 10:43:50
====================================================================================================

====================================================================================================
Feature           Unit    Nominal       Actual          Tolerances           Deviation     Exceeded 
====================================================================================================
Step 3   
Diameter          mm    +6.2750       +6.2742       +0.0000     +0.0000    -0.0009                  
   
====================================================================================================

============================ END OF INSPECTION - Elapsed Time  00:00:23 ============================
