Machine Serial Number:  SFD2001052                                                       Page:    1
====================================================================================================
Routine Name                                                    Run #            Date & Time        
====================================================================================================
SpeedFive.mxy                                            1      Wednesday, January 17, 2018 10:52:12
====================================================================================================

====================================================================================================
Feature           Unit    Nominal       Actual          Tolerances           Deviation     Exceeded 
====================================================================================================
Step 1   
X Location        mm    +113.4484     +113.4596     +0.0000     +0.0000    +0.0112                  
   
====================================================================================================

============================ END OF INSPECTION - Elapsed Time  00:01:12 ============================
Machine Serial Number:  SFD2001052                                                       Page:    1
====================================================================================================
Routine Name                                                    Run #            Date & Time        
====================================================================================================
SpeedFive.mxy                                            2      Wednesday, January 17, 2018 10:53:34
====================================================================================================

====================================================================================================
Feature           Unit    Nominal       Actual          Tolerances           Deviation     Exceeded 
====================================================================================================
Step 1   
X Location        mm    +113.4484     +113.3417     +0.0000     +0.0000    -0.1067                  
   
====================================================================================================

============================ END OF INSPECTION - Elapsed Time  00:01:09 ============================
