Machine Serial Number:  SFD2001052                                                       Page:    1
====================================================================================================
Routine Name                                                    Run #            Date & Time        
====================================================================================================
SpeedTwo.mxy                                             1      Wednesday, January 17, 2018 10:45:13
====================================================================================================

====================================================================================================
Feature           Unit    Nominal       Actual          Tolerances           Deviation     Exceeded 
====================================================================================================
Step 3   
Diameter          mm    +6.2746       +6.2739       +1.0000     -1.0000    -0.0007      -           
   
====================================================================================================

============================ END OF INSPECTION - Elapsed Time  00:00:44 ============================
Machine Serial Number:  SFD2001052                                                       Page:    1
====================================================================================================
Routine Name                                                    Run #            Date & Time        
====================================================================================================
SpeedTwo.mxy                                             2      Wednesday, January 17, 2018 10:46:05
====================================================================================================

====================================================================================================
Feature           Unit    Nominal       Actual          Tolerances           Deviation     Exceeded 
====================================================================================================
Step 3   
Diameter          mm    +6.2746       +6.2744       +1.0000     -1.0000    -0.0002      -           
   
====================================================================================================

============================ END OF INSPECTION - Elapsed Time  00:00:41 ============================
