Machine Serial Number:  SFD2001052                                                       Page:    1
====================================================================================================
Routine Name                                                    Run #            Date & Time        
====================================================================================================
SpeedFive.mxy                                            1      Thursday, November 09, 2017 15:51:28
====================================================================================================

====================================================================================================
Feature           Unit    Nominal       Actual          Tolerances           Deviation     Exceeded 
====================================================================================================
Step 1   
X Location        in    +2.946        +2.946        +0.000      +0.000     +0.000                   
   
====================================================================================================

============================ END OF INSPECTION - Elapsed Time  00:03:06 ============================
Machine Serial Number:  SFD2001052                                                       Page:    1
====================================================================================================
Routine Name                                                    Run #            Date & Time        
====================================================================================================
SpeedFive.mxy                                            2      Thursday, November 09, 2017 15:54:46
====================================================================================================

====================================================================================================
Feature           Unit    Nominal       Actual          Tolerances           Deviation     Exceeded 
====================================================================================================
Step 1   
X Location        in    +2.946        +2.946        +0.000      +0.000     +0.000                   
   
====================================================================================================

============================ END OF INSPECTION - Elapsed Time  00:03:06 ============================
