Machine Serial Number:  SFD2001052                                                       Page:    1
====================================================================================================
Routine Name                                                    Run #            Date & Time        
====================================================================================================
SpeedTwo.mxy                                             1      Thursday, November 09, 2017 15:37:34
====================================================================================================

====================================================================================================
Feature           Unit    Nominal       Actual          Tolerances           Deviation     Exceeded 
====================================================================================================
Step 3   
Diameter          mm    +6.3130       +6.3170       +1.0000     -1.0000    +0.0040      +           
   
====================================================================================================

============================ END OF INSPECTION - Elapsed Time  00:00:36 ============================
Machine Serial Number:  SFD2001052                                                       Page:    1
====================================================================================================
Routine Name                                                    Run #            Date & Time        
====================================================================================================
SpeedTwo.mxy                                             2      Thursday, November 09, 2017 15:38:22
====================================================================================================

====================================================================================================
Feature           Unit    Nominal       Actual          Tolerances           Deviation     Exceeded 
====================================================================================================
Step 3   
Diameter          mm    +6.3130       +6.3172       +1.0000     -1.0000    +0.0042      +           
   
====================================================================================================

============================ END OF INSPECTION - Elapsed Time  00:00:36 ============================
