Machine Serial Number:  SFD2001052                                                       Page:    1
====================================================================================================
Routine Name                                                    Run #            Date & Time        
====================================================================================================
SpeedThree.mxy                                           1       Tuesday, December 05, 2017 09:59:37
====================================================================================================

====================================================================================================
Feature           Unit    Nominal       Actual          Tolerances           Deviation     Exceeded 
====================================================================================================
Step 1   
Angle             dd    +359.9582     +358.7208     +0.0000     +0.0000    -1.2374                  
   
====================================================================================================

============================ END OF INSPECTION - Elapsed Time  00:01:51 ============================
Machine Serial Number:  SFD2001052                                                       Page:    1
====================================================================================================
Routine Name                                                    Run #            Date & Time        
====================================================================================================
SpeedThree.mxy                                           2       Tuesday, December 05, 2017 10:01:38
====================================================================================================

====================================================================================================
Feature           Unit    Nominal       Actual          Tolerances           Deviation     Exceeded 
====================================================================================================
Step 1   
Angle             dd    +359.9582     +358.7222     +0.0000     +0.0000    -1.2360                  
   
====================================================================================================

============================ END OF INSPECTION - Elapsed Time  00:01:50 ============================
