Machine Serial Number:  SFD2001052                                                       Page:    1
====================================================================================================
Routine Name                                                    Run #            Date & Time        
====================================================================================================
SpeedTwo.mxy                                             1       Tuesday, December 05, 2017 09:56:23
====================================================================================================

====================================================================================================
Feature           Unit    Nominal       Actual          Tolerances           Deviation     Exceeded 
====================================================================================================
Step 3   
Diameter          mm    +6.3130       +6.2438       +1.0000     -1.0000    -0.0692      -           
   
====================================================================================================

============================ END OF INSPECTION - Elapsed Time  00:00:39 ============================
Machine Serial Number:  SFD2001052                                                       Page:    1
====================================================================================================
Routine Name                                                    Run #            Date & Time        
====================================================================================================
SpeedTwo.mxy                                             2       Tuesday, December 05, 2017 09:57:13
====================================================================================================

====================================================================================================
Feature           Unit    Nominal       Actual          Tolerances           Deviation     Exceeded 
====================================================================================================
Step 3   
Diameter          mm    +6.3130       +6.2438       +1.0000     -1.0000    -0.0692      -           
   
====================================================================================================

============================ END OF INSPECTION - Elapsed Time  00:00:39 ============================
