Machine Serial Number:  SFD2001052                                                       Page:    1
====================================================================================================
Routine Name                                                    Run #            Date & Time        
====================================================================================================
SpeedFive.mxy                                            1       Tuesday, December 05, 2017 10:09:27
====================================================================================================

====================================================================================================
Feature           Unit    Nominal       Actual          Tolerances           Deviation     Exceeded 
====================================================================================================
Step 1   
X Location        in    +2.946        +2.963        +0.000      +0.000     +0.017                   
   
====================================================================================================

============================ END OF INSPECTION - Elapsed Time  00:01:24 ============================
Machine Serial Number:  SFD2001052                                                       Page:    1
====================================================================================================
Routine Name                                                    Run #            Date & Time        
====================================================================================================
SpeedFive.mxy                                            2       Tuesday, December 05, 2017 10:10:58
====================================================================================================

====================================================================================================
Feature           Unit    Nominal       Actual          Tolerances           Deviation     Exceeded 
====================================================================================================
Step 1   
X Location        in    +2.946        +2.947        +0.000      +0.000     +0.001                   
   
====================================================================================================

============================ END OF INSPECTION - Elapsed Time  00:01:21 ============================
