Machine Serial Number:  SFD2001052                                                       Page:    1
====================================================================================================
Routine Name                                                    Run #            Date & Time        
====================================================================================================
SpeedFour.mxy                                            1       Tuesday, December 05, 2017 10:04:44
====================================================================================================

====================================================================================================
Feature           Unit    Nominal       Actual          Tolerances           Deviation     Exceeded 
====================================================================================================
Step 1   
X Location        in    +1.684        +1.684        +0.000      +0.000     +0.000                   
   
====================================================================================================

============================ END OF INSPECTION - Elapsed Time  00:02:35 ============================
Machine Serial Number:  SFD2001052                                                       Page:    1
====================================================================================================
Routine Name                                                    Run #            Date & Time        
====================================================================================================
SpeedFour.mxy                                            2       Tuesday, December 05, 2017 10:07:30
====================================================================================================

====================================================================================================
Feature           Unit    Nominal       Actual          Tolerances           Deviation     Exceeded 
====================================================================================================
Step 1   
X Location        in    +1.684        +1.684        +0.000      +0.000     +0.000                   
   
====================================================================================================

============================ END OF INSPECTION - Elapsed Time  00:02:35 ============================
