Machine Serial Number:  SFD2001052                                                       Page:    1
====================================================================================================
Routine Name                                                    Run #            Date & Time        
====================================================================================================
SpeedOne.mxy                                             1       Tuesday, December 05, 2017 09:54:40
====================================================================================================

====================================================================================================
Feature           Unit    Nominal       Actual          Tolerances           Deviation     Exceeded 
====================================================================================================
Step 3   
Diameter          mm    +6.3129       +6.2442       +0.0000     +0.0000    -0.0687                  
   
====================================================================================================

============================ END OF INSPECTION - Elapsed Time  00:00:23 ============================
Machine Serial Number:  SFD2001052                                                       Page:    1
====================================================================================================
Routine Name                                                    Run #            Date & Time        
====================================================================================================
SpeedOne.mxy                                             2       Tuesday, December 05, 2017 09:55:13
====================================================================================================

====================================================================================================
Feature           Unit    Nominal       Actual          Tolerances           Deviation     Exceeded 
====================================================================================================
Step 3   
Diameter          mm    +6.3129       +6.2447       +0.0000     +0.0000    -0.0682                  
   
====================================================================================================

============================ END OF INSPECTION - Elapsed Time  00:00:24 ============================
