Machine Serial Number:  SFD2001052                                                       Page:    1
====================================================================================================
Routine Name                                                    Run #            Date & Time        
====================================================================================================
SpeedFive.mxy                                            1         Thursday, April 05, 2018 10:20:21
====================================================================================================

====================================================================================================
Feature           Unit    Nominal       Actual          Tolerances           Deviation     Exceeded 
====================================================================================================
Step 1   
X Location        mm    +113.4484     +113.4594     +0.0000     +0.0000    +0.0110                  
   
====================================================================================================

============================ END OF INSPECTION - Elapsed Time  00:01:14 ============================
Machine Serial Number:  SFD2001052                                                       Page:    1
====================================================================================================
Routine Name                                                    Run #            Date & Time        
====================================================================================================
SpeedFive.mxy                                            2         Thursday, April 05, 2018 10:21:48
====================================================================================================

====================================================================================================
Feature           Unit    Nominal       Actual          Tolerances           Deviation     Exceeded 
====================================================================================================
Step 1   
X Location        mm    +113.4484     +113.3435     +0.0000     +0.0000    -0.1048                  
   
====================================================================================================

============================ END OF INSPECTION - Elapsed Time  00:01:15 ============================
