Machine Serial Number:  SFD2001052                                                       Page:    1
====================================================================================================
Routine Name                                                    Run #            Date & Time        
====================================================================================================
SpeedTwo.mxy                                             1         Thursday, April 05, 2018 10:11:56
====================================================================================================

====================================================================================================
Feature           Unit    Nominal       Actual          Tolerances           Deviation     Exceeded 
====================================================================================================
Step 3   
Diameter          mm    +6.2746       +6.2873       +1.0000     -1.0000    +0.0127      +           
   
====================================================================================================

============================ END OF INSPECTION - Elapsed Time  00:00:38 ============================
Machine Serial Number:  SFD2001052                                                       Page:    1
====================================================================================================
Routine Name                                                    Run #            Date & Time        
====================================================================================================
SpeedTwo.mxy                                             2         Thursday, April 05, 2018 10:12:41
====================================================================================================

====================================================================================================
Feature           Unit    Nominal       Actual          Tolerances           Deviation     Exceeded 
====================================================================================================
Step 3   
Diameter          mm    +6.2746       +6.2875       +1.0000     -1.0000    +0.0129      +           
   
====================================================================================================

============================ END OF INSPECTION - Elapsed Time  00:00:35 ============================
