Machine Serial Number:  SFD2001052                                                       Page:    1
====================================================================================================
Routine Name                                                    Run #            Date & Time        
====================================================================================================
SpeedOne.mxy                                             1         Thursday, April 05, 2018 10:10:12
====================================================================================================

====================================================================================================
Feature           Unit    Nominal       Actual          Tolerances           Deviation     Exceeded 
====================================================================================================
Step 3   
Diameter          mm    +6.2750       +6.2919       +0.0000     +0.0000    +0.0169                  
   
Step 450   
Diameter          mm    +6.2750       +6.2919       +0.0000     +0.0000    +0.0169                  
   
Step 453   
Diameter          mm    +6.2750       +6.2919       +0.0000     +0.0000    +0.0169                  
   
====================================================================================================

============================ END OF INSPECTION - Elapsed Time  00:00:26 ============================
Machine Serial Number:  SFD2001052                                                       Page:    1
====================================================================================================
Routine Name                                                    Run #            Date & Time        
====================================================================================================
SpeedOne.mxy                                             2         Thursday, April 05, 2018 10:10:46
====================================================================================================

====================================================================================================
Feature           Unit    Nominal       Actual          Tolerances           Deviation     Exceeded 
====================================================================================================
Step 3   
Diameter          mm    +6.2750       +6.2912       +0.0000     +0.0000    +0.0162                  
   
Step 450   
Diameter          mm    +6.2750       +6.2912       +0.0000     +0.0000    +0.0162                  
   
Step 453   
Diameter          mm    +6.2750       +6.2912       +0.0000     +0.0000    +0.0162                  
   
====================================================================================================

============================ END OF INSPECTION - Elapsed Time  00:00:23 ============================
