Machine Serial Number:  SFD2001052                                                       Page:    1
====================================================================================================
Routine Name                                                    Run #            Date & Time        
====================================================================================================
SpeedFour.mxy                                            1         Thursday, April 05, 2018 10:17:33
====================================================================================================

====================================================================================================
Feature           Unit    Nominal       Actual          Tolerances           Deviation     Exceeded 
====================================================================================================
Step 1   
X Location        mm    +76.475       +75.256       +0.000      +0.000     -1.219                   
   
====================================================================================================

============================ END OF INSPECTION - Elapsed Time  00:00:51 ============================
Machine Serial Number:  SFD2001052                                                       Page:    1
====================================================================================================
Routine Name                                                    Run #            Date & Time        
====================================================================================================
SpeedFour.mxy                                            2         Thursday, April 05, 2018 10:18:33
====================================================================================================

====================================================================================================
Feature           Unit    Nominal       Actual          Tolerances           Deviation     Exceeded 
====================================================================================================
Step 1   
X Location        mm    +76.475       +76.490       +0.000      +0.000     +0.015                   
   
====================================================================================================

============================ END OF INSPECTION - Elapsed Time  00:00:49 ============================
