Machine Serial Number:  SFD2001052                                                       Page:    1
====================================================================================================
Routine Name                                                    Run #            Date & Time        
====================================================================================================
SpeedThree.mxy                                           1         Thursday, April 05, 2018 10:14:36
====================================================================================================

====================================================================================================
Feature           Unit    Nominal       Actual          Tolerances           Deviation     Exceeded 
====================================================================================================
Step 1   
Angle             dd    +269.7395     +270.0915     +0.0000     +0.0000    +0.3520                  
   
====================================================================================================

============================ END OF INSPECTION - Elapsed Time  00:01:23 ============================
Machine Serial Number:  SFD2001052                                                       Page:    1
====================================================================================================
Routine Name                                                    Run #            Date & Time        
====================================================================================================
SpeedThree.mxy                                           2         Thursday, April 05, 2018 10:16:08
====================================================================================================

====================================================================================================
Feature           Unit    Nominal       Actual          Tolerances           Deviation     Exceeded 
====================================================================================================
Step 1   
Angle             dd    +269.7395     +270.0965     +0.0000     +0.0000    +0.3570                  
   
====================================================================================================

============================ END OF INSPECTION - Elapsed Time  00:01:21 ============================
