Machine Serial Number:  SFD2001052                                                       Page:    1
====================================================================================================
Routine Name                                                    Run #            Date & Time        
====================================================================================================
SpeedFour.mxy                                            1      Thursday, February 22, 2018 13:31:28
====================================================================================================

====================================================================================================
Feature           Unit    Nominal       Actual          Tolerances           Deviation     Exceeded 
====================================================================================================
Step 1   
X Location        mm    +76.475       +75.254       +0.000      +0.000     -1.221                   
   
====================================================================================================

============================ END OF INSPECTION - Elapsed Time  00:00:51 ============================
Machine Serial Number:  SFD2001052                                                       Page:    1
====================================================================================================
Routine Name                                                    Run #            Date & Time        
====================================================================================================
SpeedFour.mxy                                            2      Thursday, February 22, 2018 13:32:43
====================================================================================================

====================================================================================================
Feature           Unit    Nominal       Actual          Tolerances           Deviation     Exceeded 
====================================================================================================
Step 1   
X Location        mm    +76.475       +76.491       +0.000      +0.000     +0.016                   
   
====================================================================================================

============================ END OF INSPECTION - Elapsed Time  00:00:49 ============================
