Machine Serial Number:  SFD2001052                                                       Page:    1
====================================================================================================
Routine Name                                                    Run #            Date & Time        
====================================================================================================
SpeedTwo.mxy                                             1      Thursday, February 22, 2018 13:23:50
====================================================================================================

====================================================================================================
Feature           Unit    Nominal       Actual          Tolerances           Deviation     Exceeded 
====================================================================================================
Step 3   
Diameter          mm    +6.2746       +6.3040       +1.0000     -1.0000    +0.0294      +           
   
====================================================================================================

============================ END OF INSPECTION - Elapsed Time  00:00:42 ============================
Machine Serial Number:  SFD2001052                                                       Page:    1
====================================================================================================
Routine Name                                                    Run #            Date & Time        
====================================================================================================
SpeedTwo.mxy                                             2      Thursday, February 22, 2018 13:24:55
====================================================================================================

====================================================================================================
Feature           Unit    Nominal       Actual          Tolerances           Deviation     Exceeded 
====================================================================================================
Step 3   
Diameter          mm    +6.2746       +6.3038       +1.0000     -1.0000    +0.0292      +           
   
====================================================================================================

============================ END OF INSPECTION - Elapsed Time  00:00:39 ============================
