Machine Serial Number:  SFD2001052                                                       Page:    1
====================================================================================================
Routine Name                                                    Run #            Date & Time        
====================================================================================================
SpeedOne.mxy                                             1      Thursday, February 22, 2018 13:21:56
====================================================================================================

====================================================================================================
Feature           Unit    Nominal       Actual          Tolerances           Deviation     Exceeded 
====================================================================================================
Step 3   
Diameter          mm    +6.2750       +6.3070       +0.0000     +0.0000    +0.0320                  
   
====================================================================================================

============================ END OF INSPECTION - Elapsed Time  00:00:25 ============================
Machine Serial Number:  SFD2001052                                                       Page:    1
====================================================================================================
Routine Name                                                    Run #            Date & Time        
====================================================================================================
SpeedOne.mxy                                             2      Thursday, February 22, 2018 13:22:28
====================================================================================================

====================================================================================================
Feature           Unit    Nominal       Actual          Tolerances           Deviation     Exceeded 
====================================================================================================
Step 3   
Diameter          mm    +6.2750       +6.3065       +0.0000     +0.0000    +0.0314                  
   
====================================================================================================

============================ END OF INSPECTION - Elapsed Time  00:00:23 ============================
