Machine Serial Number:  SFD2001052                                                       Page:    1
====================================================================================================
Routine Name                                                    Run #            Date & Time        
====================================================================================================
SpeedFive.mxy                                            1      Thursday, February 22, 2018 13:35:07
====================================================================================================

====================================================================================================
Feature           Unit    Nominal       Actual          Tolerances           Deviation     Exceeded 
====================================================================================================
Step 1   
X Location        mm    +113.4484     +113.4584     +0.0000     +0.0000    +0.0100                  
   
====================================================================================================

============================ END OF INSPECTION - Elapsed Time  00:01:26 ============================
Machine Serial Number:  SFD2001052                                                       Page:    1
====================================================================================================
Routine Name                                                    Run #            Date & Time        
====================================================================================================
SpeedFive.mxy                                            2      Thursday, February 22, 2018 13:45:44
====================================================================================================

====================================================================================================
Feature           Unit    Nominal       Actual          Tolerances           Deviation     Exceeded 
====================================================================================================
Step 1   
X Location        mm    +113.4484     +113.3428     +0.0000     +0.0000    -0.1056                  
   
====================================================================================================

============================ END OF INSPECTION - Elapsed Time  00:01:22 ============================
