Machine Serial Number:  SFD2001052                                                       Page:    1
====================================================================================================
Routine Name                                                    Run #            Date & Time        
====================================================================================================
SpeedThree.mxy                                           1      Thursday, February 22, 2018 13:27:28
====================================================================================================

====================================================================================================
Feature           Unit    Nominal       Actual          Tolerances           Deviation     Exceeded 
====================================================================================================
Step 1   
Angle             dd    +269.7395     +270.0554     +0.0000     +0.0000    +0.3159                  
   
====================================================================================================

============================ END OF INSPECTION - Elapsed Time  00:01:35 ============================
Machine Serial Number:  SFD2001052                                                       Page:    1
====================================================================================================
Routine Name                                                    Run #            Date & Time        
====================================================================================================
SpeedThree.mxy                                           2      Thursday, February 22, 2018 13:29:34
====================================================================================================

====================================================================================================
Feature           Unit    Nominal       Actual          Tolerances           Deviation     Exceeded 
====================================================================================================
Step 1   
Angle             dd    +269.7395     +270.0499     +0.0000     +0.0000    +0.3104                  
   
====================================================================================================

============================ END OF INSPECTION - Elapsed Time  00:01:34 ============================
